2019-09-01 16:06:48.029 DEBUG 13584 --- [main] o.s.w.c.s.StandardServletEnvironment     : Adding PropertySource 'configurationProperties' with highest search precedence
2019-09-01 16:06:48.065 DEBUG 13584 --- [main] o.s.w.c.s.StandardServletEnvironment     : Adding PropertySource 'servletConfigInitParams' with lowest search precedence
2019-09-01 16:06:48.066 DEBUG 13584 --- [main] o.s.w.c.s.StandardServletEnvironment     : Adding PropertySource 'servletContextInitParams' with lowest search precedence
2019-09-01 16:06:48.066 DEBUG 13584 --- [main] o.s.w.c.s.StandardServletEnvironment     : Adding PropertySource 'systemProperties' with lowest search precedence
2019-09-01 16:06:48.066 DEBUG 13584 --- [main] o.s.w.c.s.StandardServletEnvironment     : Adding PropertySource 'systemEnvironment' with lowest search precedence
2019-09-01 16:06:48.066 DEBUG 13584 --- [main] o.s.w.c.s.StandardServletEnvironment     : Initialized StandardServletEnvironment with PropertySources [StubPropertySource {name='servletConfigInitParams'}, StubPropertySource {name='servletContextInitParams'}, MapPropertySource {name='systemProperties'}, SystemEnvironmentPropertySource {name='systemEnvironment'}]
2019-09-01 16:06:48.104  INFO 13584 --- [main] tws.Application                          : Starting Application on LAPTOP-NAF4NTA9 with PID 13584 (D:\project\gitProjects\zyPeixun\java_persistence_practice_parking_lot_comprehensive-2019-8-26-2-21-50-376\bin\main started by liuyinping in D:\project\gitProjects\zyPeixun\java_persistence_practice_parking_lot_comprehensive-2019-8-26-2-21-50-376)
2019-09-01 16:06:48.105  INFO 13584 --- [main] tws.Application                          : No active profile set, falling back to default profiles: default
2019-09-01 16:06:48.141  INFO 13584 --- [main] ConfigServletWebServerApplicationContext : Refreshing org.springframework.boot.web.servlet.context.AnnotationConfigServletWebServerApplicationContext@5b239d7d: startup date [Sun Sep 01 16:06:48 CST 2019]; root of context hierarchy
2019-09-01 16:06:48.868 DEBUG 13584 --- [main] o.s.w.c.s.StandardServletEnvironment     : Removing PropertySource 'defaultProperties'
2019-09-01 16:06:49.358  INFO 13584 --- [main] o.s.b.w.embedded.tomcat.TomcatWebServer  : Tomcat initialized with port(s): 8080 (http)
2019-09-01 16:06:49.380  INFO 13584 --- [main] o.apache.catalina.core.StandardService   : Starting service [Tomcat]
2019-09-01 16:06:49.381  INFO 13584 --- [main] org.apache.catalina.core.StandardEngine  : Starting Servlet Engine: Apache Tomcat/8.5.31
2019-09-01 16:06:49.389  INFO 13584 --- [localhost-startStop-1] o.a.catalina.core.AprLifecycleListener   : The APR based Apache Tomcat Native library which allows optimal performance in production environments was not found on the java.library.path: [D:\software\Java\jdk1.8.0_211\bin;C:\Windows\Sun\Java\bin;C:\Windows\system32;C:\Windows;D:/software/Java/jdk1.8.0_211/bin/../jre/bin/server;D:/software/Java/jdk1.8.0_211/bin/../jre/bin;D:/software/Java/jdk1.8.0_211/bin/../jre/lib/amd64;C:\Program Files (x86)\Common Files\Oracle\Java\javapath;D:\app\usertest\product\12.1.0\dbhome_1\bin;D:\project\product\11.2.0\client_1;C:\Windows\system32;C:\Windows;C:\Windows\System32\Wbem;C:\Windows\System32\WindowsPowerShell\v1.0\;C:\Windows\System32\OpenSSH\;C:\Program Files\Intel\WiFi\bin\;C:\Program Files\Common Files\Intel\WirelessCommon\;C:\Program Files (x86)\NVIDIA Corporation\PhysX\Common;C:\Program Files\NVIDIA Corporation\NVIDIA NvDLISR;D:\software\Java\jdk1.8.0_211\bin;D:\software\Git\cmd;D:\software\gradle-5.4.1\bin;D:\software\mysql-8.0.17-winx64\bin;D:\software\MySQL\MySQL Enterprise Backup 3.10.2\;D:\software\MySQL\MySQL Utilities 1.4.3\;D:\software\MySQL\MySQL Utilities 1.4.3\Doctrine extensions for PHP\;C:\Users\liuyinping\AppData\Local\Microsoft\WindowsApps;D:\software\Microsoft VS Code\bin;D:\Program Files\dev\nvm;D:\Program Files\dev\nvm\npm;D:\Program Files\dev\nodejs;C:\Ruby25-x64\bin;D:\software\apache-maven-3.6.1\bin\;C:\Users\liuyinping\AppData\Local\Microsoft\WindowsApps;D:\software\Microsoft VS Code\bin;D:\software\eclipse;;.]
2019-09-01 16:06:49.486  INFO 13584 --- [localhost-startStop-1] o.a.c.c.C.[Tomcat].[localhost].[/]       : Initializing Spring embedded WebApplicationContext
2019-09-01 16:06:49.486 DEBUG 13584 --- [localhost-startStop-1] o.s.web.context.ContextLoader            : Published root WebApplicationContext as ServletContext attribute with name [org.springframework.web.context.WebApplicationContext.ROOT]
2019-09-01 16:06:49.487  INFO 13584 --- [localhost-startStop-1] o.s.web.context.ContextLoader            : Root WebApplicationContext: initialization completed in 1346 ms
2019-09-01 16:06:49.603  INFO 13584 --- [localhost-startStop-1] o.s.b.w.servlet.ServletRegistrationBean  : Servlet dispatcherServlet mapped to [/]
2019-09-01 16:06:49.605  INFO 13584 --- [localhost-startStop-1] o.s.b.w.servlet.ServletRegistrationBean  : Servlet webServlet mapped to [/h2-console/*]
2019-09-01 16:06:49.610  INFO 13584 --- [localhost-startStop-1] o.s.b.w.servlet.FilterRegistrationBean   : Mapping filter: 'characterEncodingFilter' to: [/*]
2019-09-01 16:06:49.611  INFO 13584 --- [localhost-startStop-1] o.s.b.w.servlet.FilterRegistrationBean   : Mapping filter: 'hiddenHttpMethodFilter' to: [/*]
2019-09-01 16:06:49.611  INFO 13584 --- [localhost-startStop-1] o.s.b.w.servlet.FilterRegistrationBean   : Mapping filter: 'httpPutFormContentFilter' to: [/*]
2019-09-01 16:06:49.611  INFO 13584 --- [localhost-startStop-1] o.s.b.w.servlet.FilterRegistrationBean   : Mapping filter: 'requestContextFilter' to: [/*]
2019-09-01 16:06:49.640 DEBUG 13584 --- [main] o.s.w.c.s.StandardServletEnvironment     : Replacing PropertySource 'servletContextInitParams' with 'servletContextInitParams'
2019-09-01 16:06:49.953  WARN 13584 --- [main] ConfigServletWebServerApplicationContext : Exception encountered during context initialization - cancelling refresh attempt: org.springframework.beans.factory.UnsatisfiedDependencyException: Error creating bean with name 'parkingBoyController': Unsatisfied dependency expressed through field 'parkingBoyService'; nested exception is org.springframework.beans.factory.NoSuchBeanDefinitionException: No qualifying bean of type 'tw.service.ParkingBoyService' available: expected at least 1 bean which qualifies as autowire candidate. Dependency annotations: {@org.springframework.beans.factory.annotation.Autowired(required=true)}
2019-09-01 16:06:49.955  INFO 13584 --- [main] o.apache.catalina.core.StandardService   : Stopping service [Tomcat]
2019-09-01 16:06:49.965  INFO 13584 --- [main] ConditionEvaluationReportLoggingListener : 

Error starting ApplicationContext. To display the conditions report re-run your application with 'debug' enabled.
2019-09-01 16:06:50.042 ERROR 13584 --- [main] o.s.b.d.LoggingFailureAnalysisReporter   : 

***************************
APPLICATION FAILED TO START
***************************

Description:

Field parkingBoyService in tws.controller.ParkingBoyController required a bean of type 'tw.service.ParkingBoyService' that could not be found.


Action:

Consider defining a bean of type 'tw.service.ParkingBoyService' in your configuration.

